2025-10-06 15:48:55,613 INFO o.a.j.u.JMeterUtils: Setting Locale to en_EN
2025-10-06 15:48:55,642 INFO o.a.j.JMeter: Loading user properties from: /opt/apache-jmeter-5.5/bin/user.properties
2025-10-06 15:48:55,650 INFO o.a.j.JMeter: Loading system properties from: /opt/apache-jmeter-5.5/bin/system.properties
2025-10-06 15:48:55,663 INFO o.a.j.JMeter: Copyright (c) 1998-2022 The Apache Software Foundation
2025-10-06 15:48:55,664 INFO o.a.j.JMeter: Version 5.5
2025-10-06 15:48:55,664 INFO o.a.j.JMeter: java.version=1.8.0_275
2025-10-06 15:48:55,665 INFO o.a.j.JMeter: java.vm.name=OpenJDK 64-Bit Server VM
2025-10-06 15:48:55,665 INFO o.a.j.JMeter: os.name=Linux
2025-10-06 15:48:55,665 INFO o.a.j.JMeter: os.arch=amd64
2025-10-06 15:48:55,666 INFO o.a.j.JMeter: os.version=6.6.87.2-microsoft-standard-WSL2
2025-10-06 15:48:55,666 INFO o.a.j.JMeter: file.encoding=UTF-8
2025-10-06 15:48:55,667 INFO o.a.j.JMeter: java.awt.headless=true
2025-10-06 15:48:55,667 INFO o.a.j.JMeter: Max memory     =1073741824
2025-10-06 15:48:55,668 INFO o.a.j.JMeter: Available Processors =8
2025-10-06 15:48:55,683 INFO o.a.j.JMeter: Default Locale=English (EN)
2025-10-06 15:48:55,684 INFO o.a.j.JMeter: JMeter  Locale=English (EN)
2025-10-06 15:48:55,684 INFO o.a.j.JMeter: JMeterHome=/opt/apache-jmeter-5.5
2025-10-06 15:48:55,685 INFO o.a.j.JMeter: user.dir  =/tests
2025-10-06 15:48:55,686 INFO o.a.j.JMeter: PWD       =/tests
2025-10-06 15:48:55,687 INFO o.a.j.JMeter: IP: 172.18.0.3 Name: dc696b430fc0 FullName: dc696b430fc0
2025-10-06 15:48:55,738 INFO o.a.j.JMeter: Setting property 'jmeter.reportgenerator.outputdir' to:'/report-html'
2025-10-06 15:48:55,747 INFO o.a.j.s.FileServer: Default base='/tests'
2025-10-06 15:48:55,749 INFO o.a.j.s.FileServer: Set new base='/tests'
2025-10-06 15:48:55,985 INFO o.a.j.s.SaveService: Testplan (JMX) version: 2.2. Testlog (JTL) version: 2.2
2025-10-06 15:48:56,024 INFO o.a.j.s.SaveService: Using SaveService properties file encoding UTF-8
2025-10-06 15:48:56,034 INFO o.a.j.s.SaveService: Using SaveService properties version 5.0
2025-10-06 15:48:56,044 INFO o.a.j.s.SaveService: Loading file: /tests/httpbin_test_plan.jmx
2025-10-06 15:48:56,189 INFO o.a.j.p.h.s.HTTPSamplerBase: Parser for text/html is org.apache.jmeter.protocol.http.parser.LagartoBasedHtmlParser
2025-10-06 15:48:56,189 INFO o.a.j.p.h.s.HTTPSamplerBase: Parser for application/xhtml+xml is org.apache.jmeter.protocol.http.parser.LagartoBasedHtmlParser
2025-10-06 15:48:56,190 INFO o.a.j.p.h.s.HTTPSamplerBase: Parser for application/xml is org.apache.jmeter.protocol.http.parser.LagartoBasedHtmlParser
2025-10-06 15:48:56,190 INFO o.a.j.p.h.s.HTTPSamplerBase: Parser for text/xml is org.apache.jmeter.protocol.http.parser.LagartoBasedHtmlParser
2025-10-06 15:48:56,191 INFO o.a.j.p.h.s.HTTPSamplerBase: Parser for text/vnd.wap.wml is org.apache.jmeter.protocol.http.parser.RegexpHTMLParser
2025-10-06 15:48:56,191 INFO o.a.j.p.h.s.HTTPSamplerBase: Parser for text/css is org.apache.jmeter.protocol.http.parser.CssParser
2025-10-06 15:48:56,804 INFO o.a.j.JMeter: Creating summariser <summary>
2025-10-06 15:48:56,821 INFO o.a.j.r.d.ReportGenerator: ReportGenerator will use for Parsing the separator: ','
2025-10-06 15:48:56,822 INFO o.a.j.r.d.ReportGenerator: Will generate report at end of test from  results file: /results/results.jtl
2025-10-06 15:48:56,823 INFO o.a.j.r.d.ReportGenerator: Reading report generator properties from: /opt/apache-jmeter-5.5/bin/reportgenerator.properties
2025-10-06 15:48:56,825 INFO o.a.j.r.d.ReportGenerator: Merging with JMeter properties
2025-10-06 15:48:56,841 INFO o.a.j.r.c.ReportGeneratorConfiguration: Property 'jmeter.reportgenerator.temp_dir' not found, using default value 'temp' instead.
2025-10-06 15:48:56,849 INFO o.a.j.r.c.ReportGeneratorConfiguration: Property 'jmeter.reportgenerator.apdex_per_transaction' not found, using default value 'null' instead.
2025-10-06 15:48:56,850 INFO o.a.j.r.c.ReportGeneratorConfiguration: apdex_per_transaction is empty, not APDEX per transaction customization
2025-10-06 15:48:56,850 INFO o.a.j.r.c.ReportGeneratorConfiguration: Property 'jmeter.reportgenerator.sample_filter' not found, using default value 'null' instead.
2025-10-06 15:48:56,850 INFO o.a.j.r.c.ReportGeneratorConfiguration: Property 'jmeter.reportgenerator.report_title' not found, using default value 'null' instead.
2025-10-06 15:48:56,851 INFO o.a.j.r.c.ReportGeneratorConfiguration: Property 'jmeter.reportgenerator.start_date' not found, using default value 'null' instead.
2025-10-06 15:48:56,851 INFO o.a.j.r.c.ReportGeneratorConfiguration: Property 'jmeter.reportgenerator.end_date' not found, using default value 'null' instead.
2025-10-06 15:48:56,851 INFO o.a.j.r.c.ReportGeneratorConfiguration: Property 'jmeter.reportgenerator.date_format' not found, using default value 'null' instead.
2025-10-06 15:48:56,852 INFO o.a.j.r.c.ReportGeneratorConfiguration: Will use date range start date: null, end date: null
2025-10-06 15:48:56,862 INFO o.a.j.r.c.ReportGeneratorConfiguration: Property 'jmeter.reportgenerator.graph.totalTPS.exclude_controllers' not found, using default value 'false' instead.
2025-10-06 15:48:56,863 INFO o.a.j.r.c.ReportGeneratorConfiguration: Property 'jmeter.reportgenerator.graph.activeThreadsOverTime.exclude_controllers' not found, using default value 'false' instead.
2025-10-06 15:48:56,864 INFO o.a.j.r.c.ReportGeneratorConfiguration: Property 'jmeter.reportgenerator.graph.timeVsThreads.exclude_controllers' not found, using default value 'false' instead.
2025-10-06 15:48:56,865 INFO o.a.j.r.c.ReportGeneratorConfiguration: Property 'jmeter.reportgenerator.graph.responseTimeDistribution.exclude_controllers' not found, using default value 'false' instead.
2025-10-06 15:48:56,866 INFO o.a.j.r.c.ReportGeneratorConfiguration: Property 'jmeter.reportgenerator.graph.transactionsPerSecond.exclude_controllers' not found, using default value 'false' instead.
2025-10-06 15:48:56,867 INFO o.a.j.r.c.ReportGeneratorConfiguration: Property 'jmeter.reportgenerator.graph.responseTimePercentiles.exclude_controllers' not found, using default value 'false' instead.
2025-10-06 15:48:56,868 INFO o.a.j.r.c.ReportGeneratorConfiguration: Property 'jmeter.reportgenerator.graph.responseTimePercentilesOverTime.exclude_controllers' not found, using default value 'false' instead.
2025-10-06 15:48:56,869 INFO o.a.j.r.c.ReportGeneratorConfiguration: Property 'jmeter.reportgenerator.graph.responseTimesOverTime.exclude_controllers' not found, using default value 'false' instead.
2025-10-06 15:48:56,870 INFO o.a.j.r.c.ReportGeneratorConfiguration: Property 'jmeter.reportgenerator.graph.connectTimeOverTime.exclude_controllers' not found, using default value 'false' instead.
2025-10-06 15:48:56,871 INFO o.a.j.r.c.ReportGeneratorConfiguration: Property 'jmeter.reportgenerator.graph.latenciesOverTime.exclude_controllers' not found, using default value 'false' instead.
2025-10-06 15:48:56,874 INFO o.a.j.r.c.ReportGeneratorConfiguration: Property 'jmeter.reportgenerator.exporter.json.filters_only_sample_series' not found, using default value 'true' instead.
2025-10-06 15:48:56,875 INFO o.a.j.r.c.ReportGeneratorConfiguration: Property 'jmeter.reportgenerator.exporter.json.series_filter' not found, using default value '' instead.
2025-10-06 15:48:56,876 INFO o.a.j.r.c.ReportGeneratorConfiguration: Property 'jmeter.reportgenerator.exporter.json.show_controllers_only' not found, using default value 'false' instead.
2025-10-06 15:48:56,877 INFO o.a.j.r.c.ReportGeneratorConfiguration: Property 'jmeter.reportgenerator.exporter.html.filters_only_sample_series' not found, using default value 'true' instead.
2025-10-06 15:48:56,878 INFO o.a.j.r.c.ReportGeneratorConfiguration: Property 'jmeter.reportgenerator.exporter.html.series_filter' not found, using default value '' instead.
2025-10-06 15:48:56,879 INFO o.a.j.r.c.ReportGeneratorConfiguration: Property 'jmeter.reportgenerator.exporter.html.show_controllers_only' not found, using default value 'false' instead.
2025-10-06 15:48:56,905 INFO o.a.j.e.StandardJMeterEngine: Running the test!
2025-10-06 15:48:56,910 INFO o.a.j.s.SampleEvent: List of sample_variables: []
2025-10-06 15:48:56,911 INFO o.a.j.s.SampleEvent: List of sample_variables: []
2025-10-06 15:48:56,923 INFO o.a.j.e.u.CompoundVariable: Note: Function class names must contain the string: '.functions.'
2025-10-06 15:48:56,923 INFO o.a.j.e.u.CompoundVariable: Note: Function class names must not contain the string: '.gui.'
2025-10-06 15:48:57,534 INFO o.a.j.JMeter: Running test (1759758537534)
2025-10-06 15:48:57,614 INFO o.a.j.e.StandardJMeterEngine: Starting ThreadGroup: 1 : Thread Group
2025-10-06 15:48:57,617 INFO o.a.j.e.StandardJMeterEngine: Starting 10 threads for group Thread Group.
2025-10-06 15:48:57,617 INFO o.a.j.e.StandardJMeterEngine: Thread will continue on error
2025-10-06 15:48:57,618 INFO o.a.j.t.ThreadGroup: Starting thread group... number=1 threads=10 ramp-up=5 delayedStart=false
2025-10-06 15:48:57,635 INFO o.a.j.t.ThreadGroup: Started thread group number 1
2025-10-06 15:48:57,638 INFO o.a.j.e.StandardJMeterEngine: All thread groups have been started
2025-10-06 15:48:57,727 INFO o.a.j.t.JMeterThread: Thread started: Thread Group 1-1
2025-10-06 15:48:57,731 INFO o.a.j.s.FileServer: Stored: E:/Freelance_work/httpbin_jmeter_suite_v2/users.csv
2025-10-06 15:48:57,731 ERROR o.a.j.t.JMeterThread: Test failed!
java.lang.IllegalArgumentException: Could not read file header line for file E:/Freelance_work/httpbin_jmeter_suite_v2/users.csv
	at org.apache.jmeter.services.FileServer.reserveFile(FileServer.java:283) ~[ApacheJMeter_core.jar:5.5]
	at org.apache.jmeter.config.CSVDataSet.initVars(CSVDataSet.java:208) ~[ApacheJMeter_components.jar:5.5]
	at org.apache.jmeter.config.CSVDataSet.iterationStart(CSVDataSet.java:171) ~[ApacheJMeter_components.jar:5.5]
	at org.apache.jmeter.control.GenericController.fireIterationStart(GenericController.java:399) ~[ApacheJMeter_core.jar:5.5]
	at org.apache.jmeter.control.GenericController.fireIterEvents(GenericController.java:391) ~[ApacheJMeter_core.jar:5.5]
	at org.apache.jmeter.control.GenericController.next(GenericController.java:160) ~[ApacheJMeter_core.jar:5.5]
	at org.apache.jmeter.control.LoopController.next(LoopController.java:134) ~[ApacheJMeter_core.jar:5.5]
	at org.apache.jmeter.threads.AbstractThreadGroup.next(AbstractThreadGroup.java:99) ~[ApacheJMeter_core.jar:5.5]
	at org.apache.jmeter.threads.JMeterThread.run(JMeterThread.java:266) ~[ApacheJMeter_core.jar:5.5]
	at java.lang.Thread.run(Thread.java:748) ~[?:1.8.0_275]
Caused by: java.lang.IllegalArgumentException: File users.csv must exist and be readable
	at org.apache.jmeter.services.FileServer.createBufferedReader(FileServer.java:424) ~[ApacheJMeter_core.jar:5.5]
	at org.apache.jmeter.services.FileServer.readLine(FileServer.java:340) ~[ApacheJMeter_core.jar:5.5]
	at org.apache.jmeter.services.FileServer.readLine(FileServer.java:324) ~[ApacheJMeter_core.jar:5.5]
	at org.apache.jmeter.services.FileServer.reserveFile(FileServer.java:272) ~[ApacheJMeter_core.jar:5.5]
	... 9 more
2025-10-06 15:48:57,738 INFO o.a.j.t.JMeterThread: Thread finished: Thread Group 1-1
2025-10-06 15:48:58,221 INFO o.a.j.t.JMeterThread: Thread started: Thread Group 1-2
2025-10-06 15:48:58,222 ERROR o.a.j.t.JMeterThread: Test failed!
java.lang.IllegalArgumentException: Could not read file header line for file E:/Freelance_work/httpbin_jmeter_suite_v2/users.csv
	at org.apache.jmeter.services.FileServer.reserveFile(FileServer.java:283) ~[ApacheJMeter_core.jar:5.5]
	at org.apache.jmeter.config.CSVDataSet.initVars(CSVDataSet.java:208) ~[ApacheJMeter_components.jar:5.5]
	at org.apache.jmeter.config.CSVDataSet.iterationStart(CSVDataSet.java:171) ~[ApacheJMeter_components.jar:5.5]
	at org.apache.jmeter.control.GenericController.fireIterationStart(GenericController.java:399) ~[ApacheJMeter_core.jar:5.5]
	at org.apache.jmeter.control.GenericController.fireIterEvents(GenericController.java:391) ~[ApacheJMeter_core.jar:5.5]
	at org.apache.jmeter.control.GenericController.next(GenericController.java:160) ~[ApacheJMeter_core.jar:5.5]
	at org.apache.jmeter.control.LoopController.next(LoopController.java:134) ~[ApacheJMeter_core.jar:5.5]
	at org.apache.jmeter.threads.AbstractThreadGroup.next(AbstractThreadGroup.java:99) ~[ApacheJMeter_core.jar:5.5]
	at org.apache.jmeter.threads.JMeterThread.run(JMeterThread.java:266) ~[ApacheJMeter_core.jar:5.5]
	at java.lang.Thread.run(Thread.java:748) ~[?:1.8.0_275]
Caused by: java.lang.IllegalArgumentException: File users.csv must exist and be readable
	at org.apache.jmeter.services.FileServer.createBufferedReader(FileServer.java:424) ~[ApacheJMeter_core.jar:5.5]
	at org.apache.jmeter.services.FileServer.readLine(FileServer.java:340) ~[ApacheJMeter_core.jar:5.5]
	at org.apache.jmeter.services.FileServer.readLine(FileServer.java:324) ~[ApacheJMeter_core.jar:5.5]
	at org.apache.jmeter.services.FileServer.reserveFile(FileServer.java:272) ~[ApacheJMeter_core.jar:5.5]
	... 9 more
2025-10-06 15:48:58,223 INFO o.a.j.t.JMeterThread: Thread finished: Thread Group 1-2
2025-10-06 15:48:58,720 INFO o.a.j.t.JMeterThread: Thread started: Thread Group 1-3
2025-10-06 15:48:58,721 ERROR o.a.j.t.JMeterThread: Test failed!
java.lang.IllegalArgumentException: Could not read file header line for file E:/Freelance_work/httpbin_jmeter_suite_v2/users.csv
	at org.apache.jmeter.services.FileServer.reserveFile(FileServer.java:283) ~[ApacheJMeter_core.jar:5.5]
	at org.apache.jmeter.config.CSVDataSet.initVars(CSVDataSet.java:208) ~[ApacheJMeter_components.jar:5.5]
	at org.apache.jmeter.config.CSVDataSet.iterationStart(CSVDataSet.java:171) ~[ApacheJMeter_components.jar:5.5]
	at org.apache.jmeter.control.GenericController.fireIterationStart(GenericController.java:399) ~[ApacheJMeter_core.jar:5.5]
	at org.apache.jmeter.control.GenericController.fireIterEvents(GenericController.java:391) ~[ApacheJMeter_core.jar:5.5]
	at org.apache.jmeter.control.GenericController.next(GenericController.java:160) ~[ApacheJMeter_core.jar:5.5]
	at org.apache.jmeter.control.LoopController.next(LoopController.java:134) ~[ApacheJMeter_core.jar:5.5]
	at org.apache.jmeter.threads.AbstractThreadGroup.next(AbstractThreadGroup.java:99) ~[ApacheJMeter_core.jar:5.5]
	at org.apache.jmeter.threads.JMeterThread.run(JMeterThread.java:266) ~[ApacheJMeter_core.jar:5.5]
	at java.lang.Thread.run(Thread.java:748) ~[?:1.8.0_275]
Caused by: java.lang.IllegalArgumentException: File users.csv must exist and be readable
	at org.apache.jmeter.services.FileServer.createBufferedReader(FileServer.java:424) ~[ApacheJMeter_core.jar:5.5]
	at org.apache.jmeter.services.FileServer.readLine(FileServer.java:340) ~[ApacheJMeter_core.jar:5.5]
	at org.apache.jmeter.services.FileServer.readLine(FileServer.java:324) ~[ApacheJMeter_core.jar:5.5]
	at org.apache.jmeter.services.FileServer.reserveFile(FileServer.java:272) ~[ApacheJMeter_core.jar:5.5]
	... 9 more
2025-10-06 15:48:58,722 INFO o.a.j.t.JMeterThread: Thread finished: Thread Group 1-3
2025-10-06 15:48:59,219 INFO o.a.j.t.JMeterThread: Thread started: Thread Group 1-4
2025-10-06 15:48:59,220 ERROR o.a.j.t.JMeterThread: Test failed!
java.lang.IllegalArgumentException: Could not read file header line for file E:/Freelance_work/httpbin_jmeter_suite_v2/users.csv
	at org.apache.jmeter.services.FileServer.reserveFile(FileServer.java:283) ~[ApacheJMeter_core.jar:5.5]
	at org.apache.jmeter.config.CSVDataSet.initVars(CSVDataSet.java:208) ~[ApacheJMeter_components.jar:5.5]
	at org.apache.jmeter.config.CSVDataSet.iterationStart(CSVDataSet.java:171) ~[ApacheJMeter_components.jar:5.5]
	at org.apache.jmeter.control.GenericController.fireIterationStart(GenericController.java:399) ~[ApacheJMeter_core.jar:5.5]
	at org.apache.jmeter.control.GenericController.fireIterEvents(GenericController.java:391) ~[ApacheJMeter_core.jar:5.5]
	at org.apache.jmeter.control.GenericController.next(GenericController.java:160) ~[ApacheJMeter_core.jar:5.5]
	at org.apache.jmeter.control.LoopController.next(LoopController.java:134) ~[ApacheJMeter_core.jar:5.5]
	at org.apache.jmeter.threads.AbstractThreadGroup.next(AbstractThreadGroup.java:99) ~[ApacheJMeter_core.jar:5.5]
	at org.apache.jmeter.threads.JMeterThread.run(JMeterThread.java:266) ~[ApacheJMeter_core.jar:5.5]
	at java.lang.Thread.run(Thread.java:748) ~[?:1.8.0_275]
Caused by: java.lang.IllegalArgumentException: File users.csv must exist and be readable
	at org.apache.jmeter.services.FileServer.createBufferedReader(FileServer.java:424) ~[ApacheJMeter_core.jar:5.5]
	at org.apache.jmeter.services.FileServer.readLine(FileServer.java:340) ~[ApacheJMeter_core.jar:5.5]
	at org.apache.jmeter.services.FileServer.readLine(FileServer.java:324) ~[ApacheJMeter_core.jar:5.5]
	at org.apache.jmeter.services.FileServer.reserveFile(FileServer.java:272) ~[ApacheJMeter_core.jar:5.5]
	... 9 more
2025-10-06 15:48:59,221 INFO o.a.j.t.JMeterThread: Thread finished: Thread Group 1-4
2025-10-06 15:48:59,717 INFO o.a.j.t.JMeterThread: Thread started: Thread Group 1-5
2025-10-06 15:48:59,719 ERROR o.a.j.t.JMeterThread: Test failed!
java.lang.IllegalArgumentException: Could not read file header line for file E:/Freelance_work/httpbin_jmeter_suite_v2/users.csv
	at org.apache.jmeter.services.FileServer.reserveFile(FileServer.java:283) ~[ApacheJMeter_core.jar:5.5]
	at org.apache.jmeter.config.CSVDataSet.initVars(CSVDataSet.java:208) ~[ApacheJMeter_components.jar:5.5]
	at org.apache.jmeter.config.CSVDataSet.iterationStart(CSVDataSet.java:171) ~[ApacheJMeter_components.jar:5.5]
	at org.apache.jmeter.control.GenericController.fireIterationStart(GenericController.java:399) ~[ApacheJMeter_core.jar:5.5]
	at org.apache.jmeter.control.GenericController.fireIterEvents(GenericController.java:391) ~[ApacheJMeter_core.jar:5.5]
	at org.apache.jmeter.control.GenericController.next(GenericController.java:160) ~[ApacheJMeter_core.jar:5.5]
	at org.apache.jmeter.control.LoopController.next(LoopController.java:134) ~[ApacheJMeter_core.jar:5.5]
	at org.apache.jmeter.threads.AbstractThreadGroup.next(AbstractThreadGroup.java:99) ~[ApacheJMeter_core.jar:5.5]
	at org.apache.jmeter.threads.JMeterThread.run(JMeterThread.java:266) ~[ApacheJMeter_core.jar:5.5]
	at java.lang.Thread.run(Thread.java:748) ~[?:1.8.0_275]
Caused by: java.lang.IllegalArgumentException: File users.csv must exist and be readable
	at org.apache.jmeter.services.FileServer.createBufferedReader(FileServer.java:424) ~[ApacheJMeter_core.jar:5.5]
	at org.apache.jmeter.services.FileServer.readLine(FileServer.java:340) ~[ApacheJMeter_core.jar:5.5]
	at org.apache.jmeter.services.FileServer.readLine(FileServer.java:324) ~[ApacheJMeter_core.jar:5.5]
	at org.apache.jmeter.services.FileServer.reserveFile(FileServer.java:272) ~[ApacheJMeter_core.jar:5.5]
	... 9 more
2025-10-06 15:48:59,721 INFO o.a.j.t.JMeterThread: Thread finished: Thread Group 1-5
2025-10-06 15:49:00,216 INFO o.a.j.t.JMeterThread: Thread started: Thread Group 1-6
2025-10-06 15:49:00,217 ERROR o.a.j.t.JMeterThread: Test failed!
java.lang.IllegalArgumentException: Could not read file header line for file E:/Freelance_work/httpbin_jmeter_suite_v2/users.csv
	at org.apache.jmeter.services.FileServer.reserveFile(FileServer.java:283) ~[ApacheJMeter_core.jar:5.5]
	at org.apache.jmeter.config.CSVDataSet.initVars(CSVDataSet.java:208) ~[ApacheJMeter_components.jar:5.5]
	at org.apache.jmeter.config.CSVDataSet.iterationStart(CSVDataSet.java:171) ~[ApacheJMeter_components.jar:5.5]
	at org.apache.jmeter.control.GenericController.fireIterationStart(GenericController.java:399) ~[ApacheJMeter_core.jar:5.5]
	at org.apache.jmeter.control.GenericController.fireIterEvents(GenericController.java:391) ~[ApacheJMeter_core.jar:5.5]
	at org.apache.jmeter.control.GenericController.next(GenericController.java:160) ~[ApacheJMeter_core.jar:5.5]
	at org.apache.jmeter.control.LoopController.next(LoopController.java:134) ~[ApacheJMeter_core.jar:5.5]
	at org.apache.jmeter.threads.AbstractThreadGroup.next(AbstractThreadGroup.java:99) ~[ApacheJMeter_core.jar:5.5]
	at org.apache.jmeter.threads.JMeterThread.run(JMeterThread.java:266) ~[ApacheJMeter_core.jar:5.5]
	at java.lang.Thread.run(Thread.java:748) ~[?:1.8.0_275]
Caused by: java.lang.IllegalArgumentException: File users.csv must exist and be readable
	at org.apache.jmeter.services.FileServer.createBufferedReader(FileServer.java:424) ~[ApacheJMeter_core.jar:5.5]
	at org.apache.jmeter.services.FileServer.readLine(FileServer.java:340) ~[ApacheJMeter_core.jar:5.5]
	at org.apache.jmeter.services.FileServer.readLine(FileServer.java:324) ~[ApacheJMeter_core.jar:5.5]
	at org.apache.jmeter.services.FileServer.reserveFile(FileServer.java:272) ~[ApacheJMeter_core.jar:5.5]
	... 9 more
2025-10-06 15:49:00,218 INFO o.a.j.t.JMeterThread: Thread finished: Thread Group 1-6
2025-10-06 15:49:00,715 INFO o.a.j.t.JMeterThread: Thread started: Thread Group 1-7
2025-10-06 15:49:00,716 ERROR o.a.j.t.JMeterThread: Test failed!
java.lang.IllegalArgumentException: Could not read file header line for file E:/Freelance_work/httpbin_jmeter_suite_v2/users.csv
	at org.apache.jmeter.services.FileServer.reserveFile(FileServer.java:283) ~[ApacheJMeter_core.jar:5.5]
	at org.apache.jmeter.config.CSVDataSet.initVars(CSVDataSet.java:208) ~[ApacheJMeter_components.jar:5.5]
	at org.apache.jmeter.config.CSVDataSet.iterationStart(CSVDataSet.java:171) ~[ApacheJMeter_components.jar:5.5]
	at org.apache.jmeter.control.GenericController.fireIterationStart(GenericController.java:399) ~[ApacheJMeter_core.jar:5.5]
	at org.apache.jmeter.control.GenericController.fireIterEvents(GenericController.java:391) ~[ApacheJMeter_core.jar:5.5]
	at org.apache.jmeter.control.GenericController.next(GenericController.java:160) ~[ApacheJMeter_core.jar:5.5]
	at org.apache.jmeter.control.LoopController.next(LoopController.java:134) ~[ApacheJMeter_core.jar:5.5]
	at org.apache.jmeter.threads.AbstractThreadGroup.next(AbstractThreadGroup.java:99) ~[ApacheJMeter_core.jar:5.5]
	at org.apache.jmeter.threads.JMeterThread.run(JMeterThread.java:266) ~[ApacheJMeter_core.jar:5.5]
	at java.lang.Thread.run(Thread.java:748) ~[?:1.8.0_275]
Caused by: java.lang.IllegalArgumentException: File users.csv must exist and be readable
	at org.apache.jmeter.services.FileServer.createBufferedReader(FileServer.java:424) ~[ApacheJMeter_core.jar:5.5]
	at org.apache.jmeter.services.FileServer.readLine(FileServer.java:340) ~[ApacheJMeter_core.jar:5.5]
	at org.apache.jmeter.services.FileServer.readLine(FileServer.java:324) ~[ApacheJMeter_core.jar:5.5]
	at org.apache.jmeter.services.FileServer.reserveFile(FileServer.java:272) ~[ApacheJMeter_core.jar:5.5]
	... 9 more
2025-10-06 15:49:00,717 INFO o.a.j.t.JMeterThread: Thread finished: Thread Group 1-7
2025-10-06 15:49:01,215 INFO o.a.j.t.JMeterThread: Thread started: Thread Group 1-8
2025-10-06 15:49:01,216 ERROR o.a.j.t.JMeterThread: Test failed!
java.lang.IllegalArgumentException: Could not read file header line for file E:/Freelance_work/httpbin_jmeter_suite_v2/users.csv
	at org.apache.jmeter.services.FileServer.reserveFile(FileServer.java:283) ~[ApacheJMeter_core.jar:5.5]
	at org.apache.jmeter.config.CSVDataSet.initVars(CSVDataSet.java:208) ~[ApacheJMeter_components.jar:5.5]
	at org.apache.jmeter.config.CSVDataSet.iterationStart(CSVDataSet.java:171) ~[ApacheJMeter_components.jar:5.5]
	at org.apache.jmeter.control.GenericController.fireIterationStart(GenericController.java:399) ~[ApacheJMeter_core.jar:5.5]
	at org.apache.jmeter.control.GenericController.fireIterEvents(GenericController.java:391) ~[ApacheJMeter_core.jar:5.5]
	at org.apache.jmeter.control.GenericController.next(GenericController.java:160) ~[ApacheJMeter_core.jar:5.5]
	at org.apache.jmeter.control.LoopController.next(LoopController.java:134) ~[ApacheJMeter_core.jar:5.5]
	at org.apache.jmeter.threads.AbstractThreadGroup.next(AbstractThreadGroup.java:99) ~[ApacheJMeter_core.jar:5.5]
	at org.apache.jmeter.threads.JMeterThread.run(JMeterThread.java:266) ~[ApacheJMeter_core.jar:5.5]
	at java.lang.Thread.run(Thread.java:748) ~[?:1.8.0_275]
Caused by: java.lang.IllegalArgumentException: File users.csv must exist and be readable
	at org.apache.jmeter.services.FileServer.createBufferedReader(FileServer.java:424) ~[ApacheJMeter_core.jar:5.5]
	at org.apache.jmeter.services.FileServer.readLine(FileServer.java:340) ~[ApacheJMeter_core.jar:5.5]
	at org.apache.jmeter.services.FileServer.readLine(FileServer.java:324) ~[ApacheJMeter_core.jar:5.5]
	at org.apache.jmeter.services.FileServer.reserveFile(FileServer.java:272) ~[ApacheJMeter_core.jar:5.5]
	... 9 more
2025-10-06 15:49:01,217 INFO o.a.j.t.JMeterThread: Thread finished: Thread Group 1-8
2025-10-06 15:49:01,712 INFO o.a.j.t.JMeterThread: Thread started: Thread Group 1-9
2025-10-06 15:49:01,713 ERROR o.a.j.t.JMeterThread: Test failed!
java.lang.IllegalArgumentException: Could not read file header line for file E:/Freelance_work/httpbin_jmeter_suite_v2/users.csv
	at org.apache.jmeter.services.FileServer.reserveFile(FileServer.java:283) ~[ApacheJMeter_core.jar:5.5]
	at org.apache.jmeter.config.CSVDataSet.initVars(CSVDataSet.java:208) ~[ApacheJMeter_components.jar:5.5]
	at org.apache.jmeter.config.CSVDataSet.iterationStart(CSVDataSet.java:171) ~[ApacheJMeter_components.jar:5.5]
	at org.apache.jmeter.control.GenericController.fireIterationStart(GenericController.java:399) ~[ApacheJMeter_core.jar:5.5]
	at org.apache.jmeter.control.GenericController.fireIterEvents(GenericController.java:391) ~[ApacheJMeter_core.jar:5.5]
	at org.apache.jmeter.control.GenericController.next(GenericController.java:160) ~[ApacheJMeter_core.jar:5.5]
	at org.apache.jmeter.control.LoopController.next(LoopController.java:134) ~[ApacheJMeter_core.jar:5.5]
	at org.apache.jmeter.threads.AbstractThreadGroup.next(AbstractThreadGroup.java:99) ~[ApacheJMeter_core.jar:5.5]
	at org.apache.jmeter.threads.JMeterThread.run(JMeterThread.java:266) ~[ApacheJMeter_core.jar:5.5]
	at java.lang.Thread.run(Thread.java:748) ~[?:1.8.0_275]
Caused by: java.lang.IllegalArgumentException: File users.csv must exist and be readable
	at org.apache.jmeter.services.FileServer.createBufferedReader(FileServer.java:424) ~[ApacheJMeter_core.jar:5.5]
	at org.apache.jmeter.services.FileServer.readLine(FileServer.java:340) ~[ApacheJMeter_core.jar:5.5]
	at org.apache.jmeter.services.FileServer.readLine(FileServer.java:324) ~[ApacheJMeter_core.jar:5.5]
	at org.apache.jmeter.services.FileServer.reserveFile(FileServer.java:272) ~[ApacheJMeter_core.jar:5.5]
	... 9 more
2025-10-06 15:49:01,714 INFO o.a.j.t.JMeterThread: Thread finished: Thread Group 1-9
2025-10-06 15:49:02,213 INFO o.a.j.t.JMeterThread: Thread started: Thread Group 1-10
2025-10-06 15:49:02,214 ERROR o.a.j.t.JMeterThread: Test failed!
java.lang.IllegalArgumentException: Could not read file header line for file E:/Freelance_work/httpbin_jmeter_suite_v2/users.csv
	at org.apache.jmeter.services.FileServer.reserveFile(FileServer.java:283) ~[ApacheJMeter_core.jar:5.5]
	at org.apache.jmeter.config.CSVDataSet.initVars(CSVDataSet.java:208) ~[ApacheJMeter_components.jar:5.5]
	at org.apache.jmeter.config.CSVDataSet.iterationStart(CSVDataSet.java:171) ~[ApacheJMeter_components.jar:5.5]
	at org.apache.jmeter.control.GenericController.fireIterationStart(GenericController.java:399) ~[ApacheJMeter_core.jar:5.5]
	at org.apache.jmeter.control.GenericController.fireIterEvents(GenericController.java:391) ~[ApacheJMeter_core.jar:5.5]
	at org.apache.jmeter.control.GenericController.next(GenericController.java:160) ~[ApacheJMeter_core.jar:5.5]
	at org.apache.jmeter.control.LoopController.next(LoopController.java:134) ~[ApacheJMeter_core.jar:5.5]
	at org.apache.jmeter.threads.AbstractThreadGroup.next(AbstractThreadGroup.java:99) ~[ApacheJMeter_core.jar:5.5]
	at org.apache.jmeter.threads.JMeterThread.run(JMeterThread.java:266) ~[ApacheJMeter_core.jar:5.5]
	at java.lang.Thread.run(Thread.java:748) ~[?:1.8.0_275]
Caused by: java.lang.IllegalArgumentException: File users.csv must exist and be readable
	at org.apache.jmeter.services.FileServer.createBufferedReader(FileServer.java:424) ~[ApacheJMeter_core.jar:5.5]
	at org.apache.jmeter.services.FileServer.readLine(FileServer.java:340) ~[ApacheJMeter_core.jar:5.5]
	at org.apache.jmeter.services.FileServer.readLine(FileServer.java:324) ~[ApacheJMeter_core.jar:5.5]
	at org.apache.jmeter.services.FileServer.reserveFile(FileServer.java:272) ~[ApacheJMeter_core.jar:5.5]
	... 9 more
2025-10-06 15:49:02,216 INFO o.a.j.t.JMeterThread: Thread finished: Thread Group 1-10
2025-10-06 15:49:02,217 INFO o.a.j.e.StandardJMeterEngine: Notifying test listeners of end of test
2025-10-06 15:49:02,223 INFO o.a.j.r.Summariser: summary =      0 in 00:00:00 = ******/s Avg:     0 Min: 9223372036854775807 Max: -9223372036854775808 Err:     0 (0.00%)
2025-10-06 15:49:02,225 INFO o.a.j.JMeter: Generating Dashboard
2025-10-06 15:49:02,226 INFO o.a.j.r.d.ReportGenerator: Flushing result collector before report Generation
2025-10-06 15:49:02,275 INFO o.a.j.r.p.NormalizerSampleConsumer: Using format, 'ms', to parse timeStamp field
2025-10-06 15:49:02,399 INFO o.a.j.r.p.AbstractSampleConsumer: class org.apache.jmeter.report.processor.AggregateConsumer#stopProducing(): beginDate produced 0 samples
2025-10-06 15:49:02,400 INFO o.a.j.r.p.AbstractSampleConsumer: class org.apache.jmeter.report.processor.AggregateConsumer#stopProducing(): endDate produced 0 samples
2025-10-06 15:49:02,403 INFO o.a.j.r.p.AbstractSampleConsumer: class org.apache.jmeter.report.processor.ApdexSummaryConsumer#stopProducing(): apdexSummary produced 0 samples
2025-10-06 15:49:02,404 INFO o.a.j.r.p.AbstractSampleConsumer: class org.apache.jmeter.report.processor.RequestsSummaryConsumer#stopProducing(): requestsSummary produced 0 samples
2025-10-06 15:49:02,404 INFO o.a.j.r.p.AbstractSampleConsumer: class org.apache.jmeter.report.processor.StatisticsSummaryConsumer#stopProducing(): statisticsSummary produced 0 samples
2025-10-06 15:49:02,405 INFO o.a.j.r.p.AbstractSampleConsumer: class org.apache.jmeter.report.processor.Top5ErrorsBySamplerConsumer#stopProducing(): top5ErrorsBySampler produced 0 samples
2025-10-06 15:49:02,406 INFO o.a.j.r.p.AbstractSampleConsumer: class org.apache.jmeter.report.processor.ErrorsSummaryConsumer#stopProducing(): errorsSummary produced 0 samples
2025-10-06 15:49:02,406 INFO o.a.j.r.p.AbstractSampleConsumer: class org.apache.jmeter.report.processor.graph.impl.HitsPerSecondGraphConsumer#stopProducing(): hitsPerSecond produced 0 samples
2025-10-06 15:49:02,484 INFO o.a.j.r.p.AbstractSampleConsumer: class org.apache.jmeter.report.processor.graph.impl.LatencyVSRequestGraphConsumer#stopProducing(): latencyVsRequest produced 0 samples
2025-10-06 15:49:02,485 INFO o.a.j.r.p.AbstractSampleConsumer: class org.apache.jmeter.report.processor.graph.impl.SyntheticResponseTimeDistributionGraphConsumer#stopProducing(): syntheticResponseTimeDistribution produced 0 samples
2025-10-06 15:49:02,488 INFO o.a.j.r.p.AbstractSampleConsumer: class org.apache.jmeter.report.processor.graph.impl.BytesThroughputGraphConsumer#stopProducing(): bytesThroughputOverTime produced 0 samples
2025-10-06 15:49:02,489 INFO o.a.j.r.p.AbstractSampleConsumer: class org.apache.jmeter.report.processor.graph.impl.CodesPerSecondGraphConsumer#stopProducing(): codesPerSecond produced 0 samples
2025-10-06 15:49:02,536 INFO o.a.j.r.p.AbstractSampleConsumer: class org.apache.jmeter.report.processor.graph.impl.ResponseTimeVSRequestGraphConsumer#stopProducing(): responseTimeVsRequest produced 0 samples
2025-10-06 15:49:02,537 INFO o.a.j.r.p.AbstractSampleConsumer: class org.apache.jmeter.report.processor.FilterConsumer#stopProducing(): startIntervalControlerFilter produced 0 samples
2025-10-06 15:49:02,538 INFO o.a.j.r.p.AbstractSampleConsumer: class org.apache.jmeter.report.processor.graph.impl.TotalTPSGraphConsumer#stopProducing(): totalTPS produced 0 samples
2025-10-06 15:49:02,539 INFO o.a.j.r.p.AbstractSampleConsumer: class org.apache.jmeter.report.processor.graph.impl.ActiveThreadsGraphConsumer#stopProducing(): activeThreadsOverTime produced 0 samples
2025-10-06 15:49:02,541 INFO o.a.j.r.p.AbstractSampleConsumer: class org.apache.jmeter.report.processor.graph.impl.TimeVSThreadGraphConsumer#stopProducing(): timeVsThreads produced 0 samples
2025-10-06 15:49:02,542 INFO o.a.j.r.p.AbstractSampleConsumer: class org.apache.jmeter.report.processor.graph.impl.ResponseTimeDistributionGraphConsumer#stopProducing(): responseTimeDistribution produced 0 samples
2025-10-06 15:49:02,543 INFO o.a.j.r.p.AbstractSampleConsumer: class org.apache.jmeter.report.processor.graph.impl.TransactionsPerSecondGraphConsumer#stopProducing(): transactionsPerSecond produced 0 samples
2025-10-06 15:49:02,544 INFO o.a.j.r.p.AbstractSampleConsumer: class org.apache.jmeter.report.processor.graph.impl.ResponseTimePercentilesGraphConsumer#stopProducing(): responseTimePercentiles produced 0 samples
2025-10-06 15:49:02,544 INFO o.a.j.r.p.AbstractSampleConsumer: class org.apache.jmeter.report.processor.graph.impl.ResponseTimePercentilesOverTimeGraphConsumer#stopProducing(): responseTimePercentilesOverTime produced 0 samples
2025-10-06 15:49:02,545 INFO o.a.j.r.p.AbstractSampleConsumer: class org.apache.jmeter.report.processor.graph.impl.ResponseTimeOverTimeGraphConsumer#stopProducing(): responseTimesOverTime produced 0 samples
2025-10-06 15:49:02,546 INFO o.a.j.r.p.AbstractSampleConsumer: class org.apache.jmeter.report.processor.graph.impl.ConnectTimeOverTimeGraphConsumer#stopProducing(): connectTimeOverTime produced 0 samples
2025-10-06 15:49:02,546 INFO o.a.j.r.p.AbstractSampleConsumer: class org.apache.jmeter.report.processor.graph.impl.LatencyOverTimeGraphConsumer#stopProducing(): latenciesOverTime produced 0 samples
2025-10-06 15:49:02,548 INFO o.a.j.r.p.AbstractSampleConsumer: class org.apache.jmeter.report.processor.FilterConsumer#stopProducing(): nameFilter produced 0 samples
2025-10-06 15:49:02,550 INFO o.a.j.r.p.AbstractSampleConsumer: class org.apache.jmeter.report.processor.FilterConsumer#stopProducing(): dateRangeFilter produced 0 samples
2025-10-06 15:49:02,553 INFO o.a.j.r.p.AbstractSampleConsumer: class org.apache.jmeter.report.processor.NormalizerSampleConsumer#stopProducing(): normalizer produced 0 samples
2025-10-06 15:49:02,555 INFO o.a.j.r.p.CsvFileSampleSource: produce(): 0 samples produced in 190ms on channel 0
2025-10-06 15:49:02,556 INFO o.a.j.r.d.ReportGenerator: Exporting data using exporter:'json' of className:'org.apache.jmeter.report.dashboard.JsonExporter'
2025-10-06 15:49:02,933 INFO o.a.j.r.d.JsonExporter: Found data for consumer statisticsSummary in context
2025-10-06 15:49:02,933 INFO o.a.j.r.d.JsonExporter: Creating statistics for overall
2025-10-06 15:49:02,935 ERROR o.a.j.JMeter: Error generating the report: null
java.lang.NullPointerException: null
	at org.apache.jmeter.report.dashboard.JsonExporter.createStatistic(JsonExporter.java:121) ~[ApacheJMeter_core.jar:5.5]
	at org.apache.jmeter.report.dashboard.JsonExporter.export(JsonExporter.java:72) ~[ApacheJMeter_core.jar:5.5]
	at org.apache.jmeter.report.dashboard.ReportGenerator.exportData(ReportGenerator.java:382) ~[ApacheJMeter_core.jar:5.5]
	at org.apache.jmeter.report.dashboard.ReportGenerator.generate(ReportGenerator.java:260) ~[ApacheJMeter_core.jar:5.5]
	at org.apache.jmeter.JMeter$ListenToTest.endTest(JMeter.java:1264) ~[ApacheJMeter_core.jar:5.5]
	at org.apache.jmeter.JMeter$ListenToTest.testEnded(JMeter.java:1219) ~[ApacheJMeter_core.jar:5.5]
	at org.apache.jmeter.engine.StandardJMeterEngine.notifyTestListenersOfEnd(StandardJMeterEngine.java:230) ~[ApacheJMeter_core.jar:5.5]
	at org.apache.jmeter.engine.StandardJMeterEngine.run(StandardJMeterEngine.java:507) ~[ApacheJMeter_core.jar:5.5]
	at java.lang.Thread.run(Thread.java:748) ~[?:1.8.0_275]
